<?xml version="1.0" encoding="UTF-8"?>
<testng-results skipped="0" failed="0" ignored="0" total="3" passed="3">
  <reporter-output>
  </reporter-output>
  <suite name="Default suite" duration-ms="43465" started-at="2022-04-08T17:56:30 CDT" finished-at="2022-04-08T17:57:14 CDT">
    <groups>
    </groups>
    <test name="Default test" duration-ms="43465" started-at="2022-04-08T17:56:30 CDT" finished-at="2022-04-08T17:57:14 CDT">
      <class name="SearchProduct">
        <test-method status="PASS" signature="setupReport()[pri:0, instance:SearchProduct@11758f2a]" name="setupReport" is-config="true" duration-ms="123" started-at="2022-04-08T17:56:30 CDT" finished-at="2022-04-08T17:56:30 CDT">
          <reporter-output>
          </reporter-output>
        </test-method> <!-- setupReport -->
        <test-method status="PASS" signature="setupBrowser()[pri:0, instance:SearchProduct@11758f2a]" name="setupBrowser" is-config="true" duration-ms="8115" started-at="2022-04-08T17:56:30 CDT" finished-at="2022-04-08T17:56:38 CDT">
          <reporter-output>
          </reporter-output>
        </test-method> <!-- setupBrowser -->
        <test-method status="PASS" signature="searchTheProduct()[pri:0, instance:SearchProduct@11758f2a]" name="searchTheProduct" duration-ms="2004" started-at="2022-04-08T17:56:38 CDT" finished-at="2022-04-08T17:56:40 CDT">
          <reporter-output>
          </reporter-output>
        </test-method> <!-- searchTheProduct -->
        <test-method status="PASS" signature="getResult(org.testng.ITestResult)[pri:0, instance:SearchProduct@11758f2a]" name="getResult" is-config="true" duration-ms="8" started-at="2022-04-08T17:56:40 CDT" finished-at="2022-04-08T17:56:40 CDT">
          <params>
            <param index="0">
              <value>
                <![CDATA[[TestResult name=searchTheProduct status=SUCCESS method=SearchProduct.searchTheProduct()[pri:0, instance:SearchProduct@11758f2a] output={null}]]]>
              </value>
            </param>
          </params>
          <reporter-output>
          </reporter-output>
        </test-method> <!-- getResult -->
        <test-method status="PASS" signature="goToProductPage()[pri:0, instance:SearchProduct@11758f2a]" name="goToProductPage" duration-ms="28799" started-at="2022-04-08T17:56:40 CDT" depends-on-methods="SearchProduct.searchTheProduct" finished-at="2022-04-08T17:57:09 CDT">
          <reporter-output>
          </reporter-output>
        </test-method> <!-- goToProductPage -->
        <test-method status="PASS" signature="getResult(org.testng.ITestResult)[pri:0, instance:SearchProduct@11758f2a]" name="getResult" is-config="true" duration-ms="1" started-at="2022-04-08T17:57:09 CDT" finished-at="2022-04-08T17:57:09 CDT">
          <params>
            <param index="0">
              <value>
                <![CDATA[[TestResult name=goToProductPage status=SUCCESS method=SearchProduct.goToProductPage()[pri:0, instance:SearchProduct@11758f2a] output={null}]]]>
              </value>
            </param>
          </params>
          <reporter-output>
          </reporter-output>
        </test-method> <!-- getResult -->
        <test-method status="PASS" signature="verifyTheCart()[pri:0, instance:SearchProduct@11758f2a]" name="verifyTheCart" duration-ms="347" started-at="2022-04-08T17:57:09 CDT" depends-on-methods="SearchProduct.goToProductPage" finished-at="2022-04-08T17:57:10 CDT">
          <reporter-output>
          </reporter-output>
        </test-method> <!-- verifyTheCart -->
        <test-method status="PASS" signature="tearDownTest()[pri:0, instance:SearchProduct@11758f2a]" name="tearDownTest" is-config="true" duration-ms="4150" started-at="2022-04-08T17:57:10 CDT" finished-at="2022-04-08T17:57:14 CDT">
          <reporter-output>
          </reporter-output>
        </test-method> <!-- tearDownTest -->
        <test-method status="PASS" signature="getResult(org.testng.ITestResult)[pri:0, instance:SearchProduct@11758f2a]" name="getResult" is-config="true" duration-ms="0" started-at="2022-04-08T17:57:10 CDT" finished-at="2022-04-08T17:57:10 CDT">
          <params>
            <param index="0">
              <value>
                <![CDATA[[TestResult name=verifyTheCart status=SUCCESS method=SearchProduct.verifyTheCart()[pri:0, instance:SearchProduct@11758f2a] output={null}]]]>
              </value>
            </param>
          </params>
          <reporter-output>
          </reporter-output>
        </test-method> <!-- getResult -->
        <test-method status="PASS" signature="tearDown()[pri:0, instance:SearchProduct@11758f2a]" name="tearDown" is-config="true" duration-ms="284" started-at="2022-04-08T17:57:14 CDT" finished-at="2022-04-08T17:57:14 CDT">
          <reporter-output>
          </reporter-output>
        </test-method> <!-- tearDown -->
      </class> <!-- SearchProduct -->
    </test> <!-- Default test -->
  </suite> <!-- Default suite -->
</testng-results>
